[debug] [2018-07-23T00:34:16.972Z] ----------------------------------------------------------------------
[debug] [2018-07-23T00:34:16.975Z] Command:       C:\Program Files\nodejs\node.exe C:\Users\indigomx9\AppData\Roaming\npm\node_modules\firebase-tools\bin\firebase serve
[debug] [2018-07-23T00:34:16.975Z] CLI Version:   3.19.3
[debug] [2018-07-23T00:34:16.975Z] Platform:      win32
[debug] [2018-07-23T00:34:16.975Z] Node Version:  v10.7.0
[debug] [2018-07-23T00:34:16.976Z] Time:          Sun Jul 22 2018 20:34:16 GMT-0400 (Eastern Daylight Time)
[debug] [2018-07-23T00:34:16.976Z] ----------------------------------------------------------------------
[debug] 
[debug] [2018-07-23T00:34:16.992Z] > command requires scopes: ["email","openid","https://www.googleapis.com/auth/cloudplatformprojects.readonly","https://www.googleapis.com/auth/firebase","https://www.googleapis.com/auth/cloud-platform"]
[debug] [2018-07-23T00:34:16.992Z] > authorizing via signed-in user
[debug] [2018-07-23T00:34:16.994Z] > refreshing access token with scopes: ["email","https://www.googleapis.com/auth/cloud-platform","https://www.googleapis.com/auth/cloudplatformprojects.readonly","https://www.googleapis.com/auth/firebase","openid"]
[debug] [2018-07-23T00:34:16.994Z] >>> HTTP REQUEST POST https://www.googleapis.com/oauth2/v3/token  
 { refresh_token: '1/ZhvrfV9XZ_VYNb8qcyPLacQ7JfRElpyf6BNao2RhNEU',
  client_id:
   '563584335869-fgrhgmd47bqnekij5i8b5pr03ho849e6.apps.googleusercontent.com',
  client_secret: 'j9iVZfS8kkCEFUPaAeJV0sAi',
  grant_type: 'refresh_token',
  scope:
   'email https://www.googleapis.com/auth/cloud-platform https://www.googleapis.com/auth/cloudplatformprojects.readonly https://www.googleapis.com/auth/firebase openid' } 
 Sun Jul 22 2018 20:34:16 GMT-0400 (Eastern Daylight Time)
[debug] [2018-07-23T00:34:17.144Z] <<< HTTP RESPONSE 200
[debug] [2018-07-23T00:34:17.157Z] >>> HTTP REQUEST GET https://admin.firebase.com/v1/projects/blackright-60be1  
  
 Sun Jul 22 2018 20:34:17 GMT-0400 (Eastern Daylight Time)
[debug] [2018-07-23T00:34:17.517Z] <<< HTTP RESPONSE 200
[debug] [2018-07-23T00:34:17.519Z] >>> HTTP REQUEST GET https://admin.firebase.com/v1/database/blackright-60be1/tokens  
  
 Sun Jul 22 2018 20:34:17 GMT-0400 (Eastern Daylight Time)
[debug] [2018-07-23T00:34:17.955Z] <<< HTTP RESPONSE 200
[debug] [2018-07-23T00:34:17.957Z] >>> HTTP REQUEST GET https://cloudresourcemanager.googleapis.com/v1/projects/blackright-60be1  
  
 Sun Jul 22 2018 20:34:17 GMT-0400 (Eastern Daylight Time)
[debug] [2018-07-23T00:34:18.212Z] <<< HTTP RESPONSE 200
[info] 
[info] === Serving from 'C:\Users\indigomx9\Documents\blackRight'...
[info] 
[debug] [2018-07-23T00:34:18.222Z] >>> HTTP REQUEST GET https://mobilesdk-pa.googleapis.com/v1/projects/719658646085/clients/_:getWebAppConfig  
  
 Sun Jul 22 2018 20:34:18 GMT-0400 (Eastern Daylight Time)
[debug] [2018-07-23T00:34:18.591Z] <<< HTTP RESPONSE 200
[info] i  hosting: Serving hosting files from: public
[info] +  hosting: Local server: http://localhost:5000

